<?xml version="1.0" encoding="UTF-8"?>
<!-- Generated by org.testng.reporters.JUnitReportReporter -->
<testsuite hostname="TGS-DPC-2374" name="TestCases.TC001_AccountinfoPage" tests="1" failures="0" timestamp="20 Jun 2018 12:37:30 GMT" time="13.593" errors="0">
  <testcase name="TC001_verifyaccountinfopage" time="13.593" classname="TestCases.TC001_AccountinfoPage"/>
</testsuite> <!-- TestCases.TC001_AccountinfoPage -->
