<?xml version="1.0" encoding="UTF-8"?>
<!-- Generated by org.testng.reporters.JUnitReportReporter -->
<testsuite hostname="TGS-DPC-2374" name="TestCases.TC003_PlaceAdPage" tests="1" failures="0" timestamp="20 Jun 2018 12:37:30 GMT" time="15.493" errors="0">
  <testcase name="TC003_PlaceAdvertisement" time="15.493" classname="TestCases.TC003_PlaceAdPage"/>
</testsuite> <!-- TestCases.TC003_PlaceAdPage -->
