<?xml version="1.0" encoding="UTF-8"?>
<!-- Generated by org.testng.reporters.JUnitReportReporter -->
<testsuite hostname="TGS-DPC-2374" name="TestCases.TC002_PaymentsPage" tests="1" failures="0" timestamp="20 Jun 2018 12:37:30 GMT" time="14.312" errors="0">
  <testcase name="TC002_VerifyPaymentsPage" time="14.312" classname="TestCases.TC002_PaymentsPage"/>
</testsuite> <!-- TestCases.TC002_PaymentsPage -->
